<?xml version="1.0" encoding="UTF-8"?>
<testsuite name="utilities.TestUpdateEntitySort" tests="2" skipped="0" failures="0" errors="0" timestamp="2018-07-12T12:58:45" hostname="uK-LT-6343" time="0.023">
  <properties/>
  <testcase name="test_sortByUserName" classname="utilities.TestUpdateEntitySort" time="0.021"/>
  <testcase name="test_sortByDate" classname="utilities.TestUpdateEntitySort" time="0.001"/>
  <system-out><![CDATA[]]></system-out>
  <system-err><![CDATA[]]></system-err>
</testsuite>
