<?xml version="1.0" encoding="UTF-8"?>
<testsuite name="utilities.TestUserDetailUtils" tests="6" skipped="0" failures="0" errors="0" timestamp="2018-07-12T14:07:40" hostname="uK-LT-6343" time="0.558">
  <properties/>
  <testcase name="test_isAdminUser_false" classname="utilities.TestUserDetailUtils" time="0.528"/>
  <testcase name="test_isAdminUser_true" classname="utilities.TestUserDetailUtils" time="0.004"/>
  <testcase name="test_getUserFullname_more_than_one_user_in_list" classname="utilities.TestUserDetailUtils" time="0.005"/>
  <testcase name="test_isAdminUser_more_than_one_user_in_list" classname="utilities.TestUserDetailUtils" time="0.003"/>
  <testcase name="test_getUserFullname_for_superuser" classname="utilities.TestUserDetailUtils" time="0.003"/>
  <testcase name="test_getUserFullname_for_ordinary_user" classname="utilities.TestUserDetailUtils" time="0.006"/>
  <system-out><![CDATA[]]></system-out>
  <system-err><![CDATA[]]></system-err>
</testsuite>
