<?xml version="1.0" encoding="UTF-8"?>
<testsuite name="utilities.TestUserDetailUtilsSort" tests="1" skipped="0" failures="0" errors="0" timestamp="2018-07-12T13:31:33" hostname="uK-LT-6343" time="0.0">
  <properties/>
  <testcase name="test_sortByUsername" classname="utilities.TestUserDetailUtilsSort" time="0.0"/>
  <system-out><![CDATA[]]></system-out>
  <system-err><![CDATA[]]></system-err>
</testsuite>
