<?xml version="1.0" encoding="UTF-8"?>
<testsuite name="utilities.TestUpdateEntitySort" tests="2" skipped="0" failures="0" errors="0" timestamp="2018-07-12T13:46:37" hostname="uK-LT-6343" time="0.024">
  <properties/>
  <testcase name="test_sortByUserName" classname="utilities.TestUpdateEntitySort" time="0.022"/>
  <testcase name="test_sortByDate" classname="utilities.TestUpdateEntitySort" time="0.002"/>
  <system-out><![CDATA[]]></system-out>
  <system-err><![CDATA[]]></system-err>
</testsuite>
